<?xml version="1.0" encoding="UTF-8"?>
<testng-results ignored="0" total="1" passed="1" failed="0" skipped="0">
  <reporter-output>
  </reporter-output>
  <suite started-at="2024-03-30T21:39:31 IST" name="Default suite" finished-at="2024-03-30T21:39:37 IST" duration-ms="5339">
    <groups>
    </groups>
    <test started-at="2024-03-30T21:39:31 IST" name="Default test" finished-at="2024-03-30T21:39:37 IST" duration-ms="5339">
      <class name="com.PracticeTask.YahooSignInCheckBox">
        <test-method signature="CheckBox()[pri:0, instance:com.PracticeTask.YahooSignInCheckBox@395b56bb]" started-at="2024-03-30T21:39:31 IST" name="CheckBox" finished-at="2024-03-30T21:39:37 IST" duration-ms="5277" status="PASS">
          <reporter-output>
          </reporter-output>
        </test-method> <!-- CheckBox -->
      </class> <!-- com.PracticeTask.YahooSignInCheckBox -->
    </test> <!-- Default test -->
  </suite> <!-- Default suite -->
</testng-results>
